#
# There is insufficient memory for the Java Runtime Environment to continue.
# Native memory allocation (malloc) failed to allocate 91360 bytes for Chunk::new
# Possible reasons:
#   The system is out of physical RAM or swap space
#   In 32 bit mode, the process size limit was hit
# Possible solutions:
#   Reduce memory load on the system
#   Increase physical memory or swap space
#   Check if swap backing store is full
#   Use 64 bit Java on a 64 bit OS
#   Decrease Java heap size (-Xmx/-Xms)
#   Decrease number of Java threads
#   Decrease Java thread stack sizes (-Xss)
#   Set larger code cache with -XX:ReservedCodeCacheSize=
# This output file may be truncated or incomplete.
#
#  Out of Memory Error (allocation.cpp:390), pid=8604, tid=0x0000000000001dc0
#
# JRE version: OpenJDK Runtime Environment (8.0_152-b01) (build 1.8.0_152-release-915-b01)
# Java VM: OpenJDK 64-Bit Server VM (25.152-b01 mixed mode windows-amd64 compressed oops)
# Failed to write core dump. Minidumps are not enabled by default on client versions of Windows
#

---------------  T H R E A D  ---------------

Current thread (0x0000000015ca1800):  JavaThread "C2 CompilerThread1" daemon [_thread_in_native, id=7616, stack(0x00000000173f0000,0x00000000174f0000)]

Stack: [0x00000000173f0000,0x00000000174f0000]
[error occurred during error reporting (printing stack bounds), id 0xc0000005]

Native frames: (J=compiled Java code, j=interpreted, Vv=VM code, C=native code)


Current CompileTask:
C2:  47089 10698   !   4       com.android.dx.cf.code.BytecodeArray::parseInstruction (2796 bytes)


---------------  P R O C E S S  ---------------

Java Threads: ( => current thread )
  0x00000000181a8800 JavaThread "ForkJoinPool.commonPool-worker-0" daemon [_thread_in_Java, id=1120, stack(0x0000000024a20000,0x0000000024b20000)]
  0x00000000181a8000 JavaThread "ForkJoinPool.commonPool-worker-3" daemon [_thread_in_Java, id=8784, stack(0x0000000024920000,0x0000000024a20000)]
  0x00000000181a7000 JavaThread "ForkJoinPool.commonPool-worker-2" daemon [_thread_in_Java, id=8224, stack(0x0000000024820000,0x0000000024920000)]
  0x00000000181a6800 JavaThread "ForkJoinPool.commonPool-worker-1" daemon [_thread_in_Java, id=4200, stack(0x0000000024720000,0x0000000024820000)]
  0x000000001819f000 JavaThread "Task worker for ':' Thread 3" [_thread_blocked, id=8644, stack(0x0000000022530000,0x0000000022630000)]
  0x000000001819f800 JavaThread "Task worker for ':' Thread 2" [_thread_in_native, id=10288, stack(0x0000000022430000,0x0000000022530000)]
  0x00000000181a5800 JavaThread "Task worker for ':'" [_thread_blocked, id=3740, stack(0x0000000022330000,0x0000000022430000)]
  0x00000000181a3800 JavaThread "Cache worker for task history cache (D:\UMDStuff\CMSC436\cmsc436_teddy_talk\TeddyTalk\.gradle\4.1\taskHistory)" [_thread_blocked, id=8316, stack(0x0000000022230000,0x0000000022330000)]
  0x00000000181a0800 JavaThread "Cache worker for file content cache (D:\UMDStuff\CMSC436\cmsc436_teddy_talk\TeddyTalk\.gradle\4.1\fileContent)" [_thread_blocked, id=1188, stack(0x0000000021b10000,0x0000000021c10000)]
  0x00000000195a4800 JavaThread "Memory manager" [_thread_blocked, id=6596, stack(0x0000000020f70000,0x0000000021070000)]
  0x00000000195a5000 JavaThread "build operations Thread 4" [_thread_blocked, id=10616, stack(0x000000001fca0000,0x000000001fda0000)]
  0x00000000195a3800 JavaThread "build operations Thread 3" [_thread_blocked, id=10764, stack(0x000000001fba0000,0x000000001fca0000)]
  0x00000000195a3000 JavaThread "build operations Thread 2" [_thread_blocked, id=4784, stack(0x000000001faa0000,0x000000001fba0000)]
  0x00000000195a2000 JavaThread "build operations" [_thread_blocked, id=5908, stack(0x000000001f620000,0x000000001f720000)]
  0x00000000195a1800 JavaThread "Cache worker for Artifact transforms cache (D:\Users\Marc\.gradle\caches\transforms-1)" [_thread_blocked, id=10148, stack(0x000000001f520000,0x000000001f620000)]
  0x0000000019268800 JavaThread "Cache worker for file hash cache (D:\UMDStuff\CMSC436\cmsc436_teddy_talk\TeddyTalk\.gradle\4.1\fileHashes)" [_thread_blocked, id=9992, stack(0x000000001b830000,0x000000001b930000)]
  0x0000000018b3b000 JavaThread "File lock request listener" [_thread_in_native, id=7496, stack(0x000000001b530000,0x000000001b630000)]
  0x0000000018f3a800 JavaThread "Cache worker for file hash cache (D:\Users\Marc\.gradle\caches\4.1\fileHashes)" [_thread_blocked, id=4212, stack(0x000000001b430000,0x000000001b530000)]
  0x0000000018975800 JavaThread "Stdin handler" [_thread_blocked, id=7064, stack(0x000000001b330000,0x000000001b430000)]
  0x0000000018975000 JavaThread "Asynchronous log dispatcher for DefaultDaemonConnection: socket connection from /127.0.0.1:63931 to /127.0.0.1:63932" [_thread_blocked, id=11208, stack(0x000000001b230000,0x000000001b330000)]
  0x0000000018bb4000 JavaThread "Daemon worker" [_thread_blocked, id=1216, stack(0x000000001b130000,0x000000001b230000)]
  0x0000000018bb9800 JavaThread "Cancel handler" [_thread_blocked, id=7440, stack(0x000000001b030000,0x000000001b130000)]
  0x0000000018ba0000 JavaThread "Handler for socket connection from /127.0.0.1:63931 to /127.0.0.1:63932" [_thread_in_native, id=11104, stack(0x000000001ad30000,0x000000001ae30000)]
  0x0000000018b9f000 JavaThread "Daemon" [_thread_blocked, id=8380, stack(0x000000001ac30000,0x000000001ad30000)]
  0x0000000018abd000 JavaThread "Daemon periodic checks" [_thread_blocked, id=2240, stack(0x000000001ab30000,0x000000001ac30000)]
  0x0000000018ee4800 JavaThread "Incoming local TCP Connector on port 63931" [_thread_in_native, id=9552, stack(0x00000000193c0000,0x00000000194c0000)]
  0x0000000017612800 JavaThread "Service Thread" daemon [_thread_blocked, id=5712, stack(0x00000000179f0000,0x0000000017af0000)]
  0x0000000015ca5000 JavaThread "C1 CompilerThread2" daemon [_thread_blocked, id=8732, stack(0x00000000174f0000,0x00000000175f0000)]
=>0x0000000015ca1800 JavaThread "C2 CompilerThread1" daemon [_thread_in_native, id=7616, stack(0x00000000173f0000,0x00000000174f0000)]
  0x0000000015c9e800 JavaThread "C2 CompilerThread0" daemon [_thread_in_native, id=9864, stack(0x00000000172f0000,0x00000000173f0000)]
  0x0000000015c9d000 JavaThread "Attach Listener" daemon [_thread_blocked, id=2108, stack(0x00000000171f0000,0x00000000172f0000)]
  0x0000000015c99800 JavaThread "Signal Dispatcher" daemon [_thread_blocked, id=4912, stack(0x00000000170f0000,0x00000000171f0000)]
  0x000000000232c000 JavaThread "Finalizer" daemon [_thread_blocked, id=10488, stack(0x0000000016f00000,0x0000000017000000)]
  0x0000000002321000 JavaThread "Reference Handler" daemon [_thread_blocked, id=11244, stack(0x0000000016e00000,0x0000000016f00000)]
  0x00000000009dd800 JavaThread "main" [_thread_blocked, id=7792, stack(0x0000000002130000,0x0000000002230000)]

Other Threads:
  0x0000000015c65800 VMThread [stack: 0x0000000016d00000,0x0000000016e00000] [id=1368]
  0x0000000017613000 WatcherThread [stack: 0x0000000017af0000,0x0000000017bf0000] [id=10060]

VM state:not at safepoint (normal execution)

VM Mutex/Monitor currently owned by a thread: None

Heap:
 PSYoungGen      total 272896K, used 254025K [0x00000000e0000000, 0x00000000f2900000, 0x0000000100000000)
  eden space 252416K, 93% used [0x00000000e0000000,0x00000000ee7864e0,0x00000000ef680000)
  from space 20480K, 82% used [0x00000000ef680000,0x00000000f070c128,0x00000000f0a80000)
  to   space 20480K, 0% used [0x00000000f0a80000,0x00000000f0a80000,0x00000000f1e80000)
 ParOldGen       total 149504K, used 33208K [0x00000000a0000000, 0x00000000a9200000, 0x00000000e0000000)
  object space 149504K, 22% used [0x00000000a0000000,0x00000000a206e3b0,0x00000000a9200000)
 Metaspace       used 59948K, capacity 62044K, committed 62168K, reserved 1103872K
  class space    used 7904K, capacity 8411K, committed 8448K, reserved 1048576K

Card table byte_map: [0x00000000116f0000,0x0000000011a00000] byte_map_base: 0x00000000111f0000

Marking Bits: (ParMarkBitMap*) 0x00000000516e3950
 Begin Bits: [0x0000000012000000, 0x0000000013800000)
 End Bits:   [0x0000000013800000, 0x0000000015000000)

Polling page: 0x0000000000920000

CodeCache: size=245760Kb used=31636Kb max_used=31636Kb free=214123Kb
 bounds [0x0000000002330000, 0x0000000004240000, 0x0000000011330000]
 total_blobs=9797 nmethods=9026 adapters=683
 compilation: enabled

Compilation events (10 events):
Event: 47.064 Thread 0x0000000015ca5000 10738       2       com.android.dx.cf.code.Ropper::labelToBlock (52 bytes)
Event: 47.065 Thread 0x0000000015ca5000 nmethod 10738 0x0000000004232450 code [0x0000000004232640, 0x0000000004232bd8]
Event: 47.067 Thread 0x0000000015ca5000 10739       2       com.android.dx.dex.code.CatchTable$Entry::<init> (66 bytes)
Event: 47.068 Thread 0x0000000015ca5000 nmethod 10739 0x0000000004233090 code [0x0000000004233220, 0x00000000042335a8]
Event: 47.073 Thread 0x0000000015ca5000 10740       2       com.android.dx.cf.code.BasicBlocker::visitNewarray (15 bytes)
Event: 47.073 Thread 0x0000000015ca5000 nmethod 10740 0x0000000004233790 code [0x0000000004233900, 0x0000000004233b18]
Event: 47.073 Thread 0x0000000015ca5000 10741       2       com.android.dx.cf.code.Simulator$SimVisitor::visitNewarray (55 bytes)
Event: 47.073 Thread 0x0000000015ca5000 nmethod 10741 0x0000000004233cd0 code [0x0000000004233e60, 0x00000000042341c8]
Event: 47.073 Thread 0x0000000015ca5000 10742       2       com.android.dx.cf.code.BaseMachine::auxInitValues (6 bytes)
Event: 47.074 Thread 0x0000000015ca5000 nmethod 10742 0x0000000004234410 code [0x0000000004234560, 0x00000000042346d0]

GC Heap History (10 events):
Event: 43.722 GC heap before
{Heap before GC invocations=14 (full 3):
 PSYoungGen      total 187904K, used 19303K [0x00000000e0000000, 0x00000000eed00000, 0x0000000100000000)
  eden space 167936K, 0% used [0x00000000e0000000,0x00000000e0000000,0x00000000ea400000)
  from space 19968K, 96% used [0x00000000ea400000,0x00000000eb6d9ce0,0x00000000eb780000)
  to   space 22528K, 0% used [0x00000000ed700000,0x00000000ed700000,0x00000000eed00000)
 ParOldGen       total 99328K, used 25509K [0x00000000a0000000, 0x00000000a6100000, 0x00000000e0000000)
  object space 99328K, 25% used [0x00000000a0000000,0x00000000a18e96e0,0x00000000a6100000)
 Metaspace       used 56733K, capacity 58830K, committed 58968K, reserved 1099776K
  class space    used 7692K, capacity 8196K, committed 8320K, reserved 1048576K
Event: 43.883 GC heap after
Heap after GC invocations=14 (full 3):
 PSYoungGen      total 187904K, used 0K [0x00000000e0000000, 0x00000000eed00000, 0x0000000100000000)
  eden space 167936K, 0% used [0x00000000e0000000,0x00000000e0000000,0x00000000ea400000)
  from space 19968K, 0% used [0x00000000ea400000,0x00000000ea400000,0x00000000eb780000)
  to   space 22528K, 0% used [0x00000000ed700000,0x00000000ed700000,0x00000000eed00000)
 ParOldGen       total 149504K, used 33176K [0x00000000a0000000, 0x00000000a9200000, 0x00000000e0000000)
  object space 149504K, 22% used [0x00000000a0000000,0x00000000a20663b0,0x00000000a9200000)
 Metaspace       used 56717K, capacity 58790K, committed 58968K, reserved 1099776K
  class space    used 7686K, capacity 8186K, committed 8320K, reserved 1048576K
}
Event: 44.859 GC heap before
{Heap before GC invocations=15 (full 3):
 PSYoungGen      total 187904K, used 167936K [0x00000000e0000000, 0x00000000eed00000, 0x0000000100000000)
  eden space 167936K, 100% used [0x00000000e0000000,0x00000000ea400000,0x00000000ea400000)
  from space 19968K, 0% used [0x00000000ea400000,0x00000000ea400000,0x00000000eb780000)
  to   space 22528K, 0% used [0x00000000ed700000,0x00000000ed700000,0x00000000eed00000)
 ParOldGen       total 149504K, used 33176K [0x00000000a0000000, 0x00000000a9200000, 0x00000000e0000000)
  object space 149504K, 22% used [0x00000000a0000000,0x00000000a20663b0,0x00000000a9200000)
 Metaspace       used 59658K, capacity 61706K, committed 61912K, reserved 1103872K
  class space    used 7903K, capacity 8410K, committed 8448K, reserved 1048576K
Event: 44.868 GC heap after
Heap after GC invocations=15 (full 3):
 PSYoungGen      total 221184K, used 9349K [0x00000000e0000000, 0x00000000ef200000, 0x0000000100000000)
  eden space 198656K, 0% used [0x00000000e0000000,0x00000000e0000000,0x00000000ec200000)
  from space 22528K, 41% used [0x00000000ed700000,0x00000000ee021790,0x00000000eed00000)
  to   space 21504K, 0% used [0x00000000ec200000,0x00000000ec200000,0x00000000ed700000)
 ParOldGen       total 149504K, used 33184K [0x00000000a0000000, 0x00000000a9200000, 0x00000000e0000000)
  object space 149504K, 22% used [0x00000000a0000000,0x00000000a20683b0,0x00000000a9200000)
 Metaspace       used 59658K, capacity 61706K, committed 61912K, reserved 1103872K
  class space    used 7903K, capacity 8410K, committed 8448K, reserved 1048576K
}
Event: 45.403 GC heap before
{Heap before GC invocations=16 (full 3):
 PSYoungGen      total 221184K, used 208005K [0x00000000e0000000, 0x00000000ef200000, 0x0000000100000000)
  eden space 198656K, 100% used [0x00000000e0000000,0x00000000ec200000,0x00000000ec200000)
  from space 22528K, 41% used [0x00000000ed700000,0x00000000ee021790,0x00000000eed00000)
  to   space 21504K, 0% used [0x00000000ec200000,0x00000000ec200000,0x00000000ed700000)
 ParOldGen       total 149504K, used 33184K [0x00000000a0000000, 0x00000000a9200000, 0x00000000e0000000)
  object space 149504K, 22% used [0x00000000a0000000,0x00000000a20683b0,0x00000000a9200000)
 Metaspace       used 59830K, capacity 61898K, committed 62168K, reserved 1103872K
  class space    used 7904K, capacity 8410K, committed 8448K, reserved 1048576K
Event: 45.413 GC heap after
Heap after GC invocations=16 (full 3):
 PSYoungGen      total 220160K, used 10240K [0x00000000e0000000, 0x00000000f1e80000, 0x0000000100000000)
  eden space 198656K, 0% used [0x00000000e0000000,0x00000000e0000000,0x00000000ec200000)
  from space 21504K, 47% used [0x00000000ec200000,0x00000000ecc00138,0x00000000ed700000)
  to   space 20480K, 0% used [0x00000000f0a80000,0x00000000f0a80000,0x00000000f1e80000)
 ParOldGen       total 149504K, used 33192K [0x00000000a0000000, 0x00000000a9200000, 0x00000000e0000000)
  object space 149504K, 22% used [0x00000000a0000000,0x00000000a206a3b0,0x00000000a9200000)
 Metaspace       used 59830K, capacity 61898K, committed 62168K, reserved 1103872K
  class space    used 7904K, capacity 8410K, committed 8448K, reserved 1048576K
}
Event: 45.884 GC heap before
{Heap before GC invocations=17 (full 3):
 PSYoungGen      total 220160K, used 208896K [0x00000000e0000000, 0x00000000f1e80000, 0x0000000100000000)
  eden space 198656K, 100% used [0x00000000e0000000,0x00000000ec200000,0x00000000ec200000)
  from space 21504K, 47% used [0x00000000ec200000,0x00000000ecc00138,0x00000000ed700000)
  to   space 20480K, 0% used [0x00000000f0a80000,0x00000000f0a80000,0x00000000f1e80000)
 ParOldGen       total 149504K, used 33192K [0x00000000a0000000, 0x00000000a9200000, 0x00000000e0000000)
  object space 149504K, 22% used [0x00000000a0000000,0x00000000a206a3b0,0x00000000a9200000)
 Metaspace       used 59907K, capacity 62034K, committed 62168K, reserved 1103872K
  class space    used 7904K, capacity 8410K, committed 8448K, reserved 1048576K
Event: 45.896 GC heap after
Heap after GC invocations=17 (full 3):
 PSYoungGen      total 272896K, used 13056K [0x00000000e0000000, 0x00000000f2900000, 0x0000000100000000)
  eden space 252416K, 0% used [0x00000000e0000000,0x00000000e0000000,0x00000000ef680000)
  from space 20480K, 63% used [0x00000000f0a80000,0x00000000f1740158,0x00000000f1e80000)
  to   space 20480K, 0% used [0x00000000ef680000,0x00000000ef680000,0x00000000f0a80000)
 ParOldGen       total 149504K, used 33200K [0x00000000a0000000, 0x00000000a9200000, 0x00000000e0000000)
  object space 149504K, 22% used [0x00000000a0000000,0x00000000a206c3b0,0x00000000a9200000)
 Metaspace       used 59907K, capacity 62034K, committed 62168K, reserved 1103872K
  class space    used 7904K, capacity 8410K, committed 8448K, reserved 1048576K
}
Event: 46.526 GC heap before
{Heap before GC invocations=18 (full 3):
 PSYoungGen      total 272896K, used 265472K [0x00000000e0000000, 0x00000000f2900000, 0x0000000100000000)
  eden space 252416K, 100% used [0x00000000e0000000,0x00000000ef680000,0x00000000ef680000)
  from space 20480K, 63% used [0x00000000f0a80000,0x00000000f1740158,0x00000000f1e80000)
  to   space 20480K, 0% used [0x00000000ef680000,0x00000000ef680000,0x00000000f0a80000)
 ParOldGen       total 149504K, used 33200K [0x00000000a0000000, 0x00000000a9200000, 0x00000000e0000000)
  object space 149504K, 22% used [0x00000000a0000000,0x00000000a206c3b0,0x00000000a9200000)
 Metaspace       used 59928K, capacity 62034K, committed 62168K, reserved 1103872K
  class space    used 7904K, capacity 8410K, committed 8448K, reserved 1048576K
Event: 46.548 GC heap after
Heap after GC invocations=18 (full 3):
 PSYoungGen      total 272896K, used 16944K [0x00000000e0000000, 0x00000000f2900000, 0x0000000100000000)
  eden space 252416K, 0% used [0x00000000e0000000,0x00000000e0000000,0x00000000ef680000)
  from space 20480K, 82% used [0x00000000ef680000,0x00000000f070c128,0x00000000f0a80000)
  to   space 20480K, 0% used [0x00000000f0a80000,0x00000000f0a80000,0x00000000f1e80000)
 ParOldGen       total 149504K, used 33208K [0x00000000a0000000, 0x00000000a9200000, 0x00000000e0000000)
  object space 149504K, 22% used [0x00000000a0000000,0x00000000a206e3b0,0x00000000a9200000)
 Metaspace       used 59928K, capacity 62034K, committed 62168K, reserved 1103872K
  class space    used 7904K, capacity 8410K, committed 8448K, reserved 1048576K
}

Deoptimization events (10 events):
Event: 46.046 Thread 0x00000000181a6800 Uncommon trap: reason=class_check action=maybe_recompile pc=0x0000000003a35cf8 method=com.android.dx.cf.code.BytecodeArray.parseInstruction(ILcom/android/dx/cf/code/BytecodeArray$Visitor;)I @ 1003
Event: 46.429 Thread 0x00000000181a8800 Uncommon trap: reason=bimorphic action=maybe_recompile pc=0x0000000004176858 method=com.android.dx.cf.code.BytecodeArray.parseInstruction(ILcom/android/dx/cf/code/BytecodeArray$Visitor;)I @ 2135
Event: 46.429 Thread 0x00000000181a8800 Uncommon trap: reason=bimorphic action=maybe_recompile pc=0x0000000004176858 method=com.android.dx.cf.code.BytecodeArray.parseInstruction(ILcom/android/dx/cf/code/BytecodeArray$Visitor;)I @ 2135
Event: 46.739 Thread 0x00000000181a8000 Uncommon trap: reason=unstable_if action=reinterpret pc=0x0000000002d97c5c method=com.android.dx.util.ByteArrayAnnotatedOutput.ensureCapacity(I)V @ 6
Event: 46.743 Thread 0x00000000181a8000 Uncommon trap: reason=unstable_if action=reinterpret pc=0x00000000039382f4 method=sun.nio.ch.Util$BufferCache.get(I)Ljava/nio/ByteBuffer; @ 47
Event: 46.806 Thread 0x00000000181a8800 Uncommon trap: reason=unstable_if action=reinterpret pc=0x00000000040cd284 method=com.android.dx.rop.code.RegisterSpecSet.<init>(I)V @ 2
Event: 46.806 Thread 0x00000000181a8800 Uncommon trap: reason=unstable_if action=reinterpret pc=0x0000000002dc2db8 method=com.android.dx.rop.code.RegisterSpecSet.<init>(I)V @ 2
Event: 46.807 Thread 0x00000000181a8800 Uncommon trap: reason=unstable_if action=reinterpret pc=0x00000000040f35f8 method=com.android.dx.rop.code.RegisterSpecSet.<init>(I)V @ 2
Event: 46.827 Thread 0x00000000181a6800 Uncommon trap: reason=bimorphic action=maybe_recompile pc=0x00000000041d3600 method=com.android.dx.cf.code.BytecodeArray.parseInstruction(ILcom/android/dx/cf/code/BytecodeArray$Visitor;)I @ 1987
Event: 46.827 Thread 0x00000000181a6800 Uncommon trap: reason=bimorphic action=maybe_recompile pc=0x00000000041d3600 method=com.android.dx.cf.code.BytecodeArray.parseInstruction(ILcom/android/dx/cf/code/BytecodeArray$Visitor;)I @ 1987

Classes redefined (0 events):
No events

Internal exceptions (10 events):
Event: 46.361 Thread 0x00000000181a8800 Exception <a 'sun/nio/fs/WindowsException'> (0x00000000e863f3d0) thrown at [D:\src\AOSP-openjdk-cygwin\jdk8u\hotspot\src\share\vm\prims\jni.cpp, line 709]
Event: 46.552 Thread 0x00000000181a6800 Exception <a 'sun/nio/fs/WindowsException'> (0x00000000e037ed88) thrown at [D:\src\AOSP-openjdk-cygwin\jdk8u\hotspot\src\share\vm\prims\jni.cpp, line 709]
Event: 46.709 Thread 0x00000000181a8800 Exception <a 'sun/nio/fs/WindowsException'> (0x00000000e4ca2138) thrown at [D:\src\AOSP-openjdk-cygwin\jdk8u\hotspot\src\share\vm\prims\jni.cpp, line 709]
Event: 46.743 Thread 0x00000000181a7000 Exception <a 'sun/nio/fs/WindowsException'> (0x00000000e53897f0) thrown at [D:\src\AOSP-openjdk-cygwin\jdk8u\hotspot\src\share\vm\prims\jni.cpp, line 709]
Event: 46.774 Thread 0x00000000181a6800 Exception <a 'sun/nio/fs/WindowsException'> (0x00000000e60b0a10) thrown at [D:\src\AOSP-openjdk-cygwin\jdk8u\hotspot\src\share\vm\prims\jni.cpp, line 709]
Event: 46.850 Thread 0x00000000181a6800 Exception <a 'sun/nio/fs/WindowsException'> (0x00000000e86ee740) thrown at [D:\src\AOSP-openjdk-cygwin\jdk8u\hotspot\src\share\vm\prims\jni.cpp, line 709]
Event: 46.902 Thread 0x00000000181a7000 Exception <a 'sun/nio/fs/WindowsException'> (0x00000000e9c0f098) thrown at [D:\src\AOSP-openjdk-cygwin\jdk8u\hotspot\src\share\vm\prims\jni.cpp, line 709]
Event: 46.916 Thread 0x00000000181a8800 Exception <a 'sun/nio/fs/WindowsException'> (0x00000000ea070498) thrown at [D:\src\AOSP-openjdk-cygwin\jdk8u\hotspot\src\share\vm\prims\jni.cpp, line 709]
Event: 46.921 Thread 0x00000000181a7000 Exception <a 'sun/nio/fs/WindowsException'> (0x00000000ea3e1d70) thrown at [D:\src\AOSP-openjdk-cygwin\jdk8u\hotspot\src\share\vm\prims\jni.cpp, line 709]
Event: 47.051 Thread 0x00000000181a8000 Exception <a 'sun/nio/fs/WindowsException'> (0x00000000eda1fc60) thrown at [D:\src\AOSP-openjdk-cygwin\jdk8u\hotspot\src\share\vm\prims\jni.cpp, line 709]

Events (10 events):
Event: 46.827 Thread 0x00000000181a6800 DEOPT PACKING pc=0x00000000041d3600 sp=0x000000002481e000
Event: 46.827 Thread 0x00000000181a6800 DEOPT UNPACKING pc=0x000000000237556a sp=0x000000002481dfb8 mode 2
Event: 46.953 Thread 0x00000000181a6800 DEOPT PACKING pc=0x0000000003f10172 sp=0x000000002481e4c0
Event: 46.953 Thread 0x00000000181a6800 DEOPT UNPACKING pc=0x00000000023775bf sp=0x000000002481e2f0 mode 0
Event: 46.981 Thread 0x00000000181a7000 DEOPT PACKING pc=0x0000000003dd12fd sp=0x000000002491e520
Event: 46.981 Thread 0x00000000181a7000 DEOPT UNPACKING pc=0x00000000023775bf sp=0x000000002491e420 mode 0
Event: 46.983 Thread 0x00000000181a7000 DEOPT PACKING pc=0x000000000257a8fd sp=0x000000002491e720
Event: 46.983 Thread 0x00000000181a7000 DEOPT UNPACKING pc=0x00000000023775bf sp=0x000000002491e460 mode 0
Event: 46.994 Thread 0x00000000181a7000 DEOPT PACKING pc=0x0000000003dee0c0 sp=0x000000002491e870
Event: 46.994 Thread 0x00000000181a7000 DEOPT UNPACKING pc=0x00000000023775bf sp=0x000000002491e5a8 mode 0


Dynamic libraries:
0x00007ff60ac00000 - 0x00007ff60ac31000 	D:\Program Files\Android\Android Studio\jre\bin\java.exe
0x00007ffbcd0c0000 - 0x00007ffbcd291000 	C:\windows\SYSTEM32\ntdll.dll
0x00007ffbcab00000 - 0x00007ffbcabab000 	C:\windows\System32\KERNEL32.DLL
0x00007ffbc9740000 - 0x00007ffbc995d000 	C:\windows\System32\KERNELBASE.dll
0x00007ffbcd010000 - 0x00007ffbcd0b2000 	C:\windows\System32\ADVAPI32.dll
0x00007ffbca710000 - 0x00007ffbca7ae000 	C:\windows\System32\msvcrt.dll
0x00007ffbcad50000 - 0x00007ffbcada9000 	C:\windows\System32\sechost.dll
0x00007ffbcb1e0000 - 0x00007ffbcb301000 	C:\windows\System32\RPCRT4.dll
0x00007ffbca990000 - 0x00007ffbcaaf5000 	C:\windows\System32\USER32.dll
0x00007ffbc95b0000 - 0x00007ffbc95ce000 	C:\windows\System32\win32u.dll
0x00007ffbccec0000 - 0x00007ffbccef4000 	C:\windows\System32\GDI32.dll
0x00007ffbca210000 - 0x00007ffbca392000 	C:\windows\System32\gdi32full.dll
0x00007ffbbe8b0000 - 0x00007ffbbeb29000 	C:\windows\WinSxS\amd64_microsoft.windows.common-controls_6595b64144ccf1df_6.0.14393.447_none_42191651c6827bb3\COMCTL32.dll
0x00007ffbccb90000 - 0x00007ffbcce58000 	C:\windows\System32\combase.dll
0x00007ffbca3a0000 - 0x00007ffbca495000 	C:\windows\System32\ucrtbase.dll
0x00007ffbc9680000 - 0x00007ffbc96ea000 	C:\windows\System32\bcryptPrimitives.dll
0x00007ffbcce90000 - 0x00007ffbccebe000 	C:\windows\System32\IMM32.DLL
0x0000000050ad0000 - 0x0000000050ba2000 	D:\Program Files\Android\Android Studio\jre\jre\bin\msvcr100.dll
0x0000000050f20000 - 0x000000005175e000 	D:\Program Files\Android\Android Studio\jre\jre\bin\server\jvm.dll
0x00007ffbcce80000 - 0x00007ffbcce88000 	C:\windows\System32\PSAPI.DLL
0x00007ffbc7450000 - 0x00007ffbc7473000 	C:\windows\SYSTEM32\WINMM.dll
0x00007ffbbdb50000 - 0x00007ffbbdb59000 	C:\windows\SYSTEM32\WSOCK32.dll
0x00007ffbbfa30000 - 0x00007ffbbfa3a000 	C:\windows\SYSTEM32\VERSION.dll
0x00007ffbcb310000 - 0x00007ffbcb37a000 	C:\windows\System32\WS2_32.dll
0x0000000000970000 - 0x000000000099b000 	C:\windows\SYSTEM32\WINMMBASE.dll
0x00007ffbc96f0000 - 0x00007ffbc9732000 	C:\windows\System32\cfgmgr32.dll
0x00007ffbc6cc0000 - 0x00007ffbc6ccf000 	D:\Program Files\Android\Android Studio\jre\jre\bin\verify.dll
0x00007ffbbff90000 - 0x00007ffbbffb9000 	D:\Program Files\Android\Android Studio\jre\jre\bin\java.dll
0x00007ffbbfdc0000 - 0x00007ffbbfdd6000 	D:\Program Files\Android\Android Studio\jre\jre\bin\zip.dll
0x00007ffbcb380000 - 0x00007ffbcc889000 	C:\windows\System32\SHELL32.dll
0x00007ffbc9960000 - 0x00007ffbca03a000 	C:\windows\System32\windows.storage.dll
0x00007ffbc9560000 - 0x00007ffbc95ac000 	C:\windows\System32\powrprof.dll
0x00007ffbca930000 - 0x00007ffbca982000 	C:\windows\System32\shlwapi.dll
0x00007ffbc9540000 - 0x00007ffbc954f000 	C:\windows\System32\kernel.appcore.dll
0x00007ffbca5a0000 - 0x00007ffbca649000 	C:\windows\System32\shcore.dll
0x00007ffbc9520000 - 0x00007ffbc9534000 	C:\windows\System32\profapi.dll
0x00007ffbbfce0000 - 0x00007ffbbfcfa000 	D:\Program Files\Android\Android Studio\jre\jre\bin\net.dll
0x00007ffbc8e50000 - 0x00007ffbc8eac000 	C:\windows\system32\mswsock.dll
0x00007ffbbfcc0000 - 0x00007ffbbfcd1000 	D:\Program Files\Android\Android Studio\jre\jre\bin\nio.dll
0x00007ffbbfb40000 - 0x00007ffbbfb5e000 	D:\Users\Marc\.gradle\native\25\windows-amd64\native-platform.dll
0x00007ffbc22a0000 - 0x00007ffbc22ad000 	D:\Program Files\Android\Android Studio\jre\jre\bin\management.dll
0x00007ffbc8ff0000 - 0x00007ffbc9007000 	C:\windows\SYSTEM32\CRYPTSP.dll
0x00007ffbc8a60000 - 0x00007ffbc8a93000 	C:\windows\system32\rsaenh.dll
0x00007ffbc9100000 - 0x00007ffbc912b000 	C:\windows\SYSTEM32\bcrypt.dll
0x00007ffbc8cd0000 - 0x00007ffbc8cef000 	C:\windows\SYSTEM32\USERENV.dll
0x00007ffbc9010000 - 0x00007ffbc901b000 	C:\windows\SYSTEM32\CRYPTBASE.dll
0x00007ffbc8be0000 - 0x00007ffbc8c18000 	C:\windows\SYSTEM32\IPHLPAPI.DLL
0x00007ffbca920000 - 0x00007ffbca928000 	C:\windows\System32\NSI.dll
0x00007ffbc0dd0000 - 0x00007ffbc0de6000 	C:\windows\SYSTEM32\dhcpcsvc6.DLL
0x00007ffbc0db0000 - 0x00007ffbc0dca000 	C:\windows\SYSTEM32\dhcpcsvc.DLL

VM Arguments:
jvm_args: -Xmx1536m -Dfile.encoding=windows-1252 -Duser.country=US -Duser.language=en -Duser.variant 
java_command: org.gradle.launcher.daemon.bootstrap.GradleDaemon 4.1
java_class_path (initial): D:\Users\Marc\.gradle\wrapper\dists\gradle-4.1-all\bzyivzo6n839fup2jbap0tjew\gradle-4.1\lib\gradle-launcher-4.1.jar
Launcher Type: SUN_STANDARD

Environment Variables:
PATH=C:\ProgramData\Oracle\Java\javapath;C:\Program Files (x86)\Intel\iCLS Client\;C:\Program Files\Intel\iCLS Client\;C:\windows\system32;C:\windows;C:\windows\System32\Wbem;C:\windows\System32\WindowsPowerShell\v1.0\;C:\Program Files (x86)\NVIDIA Corporation\PhysX\Common;C:\Program Files (x86)\Intel\Intel(R) Management Engine Components\DAL;C:\Program Files\Intel\Intel(R) Management Engine Components\DAL;C:\Program Files (x86)\Intel\Intel(R) Management Engine Components\IPT;C:\Program Files\Intel\Intel(R) Management Engine Components\IPT;D:\Program Files\Git\cmd;C:\Users\Marc\AppData\Local\Microsoft\WindowsApps;C:\Users\Marc\AppData\Local\GitHubDesktop\bin;D:\Program Files\Docker Toolbox
USERNAME=Marc
OS=Windows_NT
PROCESSOR_IDENTIFIER=Intel64 Family 6 Model 158 Stepping 9, GenuineIntel



---------------  S Y S T E M  ---------------

OS: Windows 10.0 , 64 bit Build 14393 (10.0.14393.0)

CPU:total 4 (initial active 4) (4 cores per cpu, 1 threads per core) family 6 model 158 stepping 9, cmov, cx8, fxsr, mmx, sse, sse2, sse3, ssse3, sse4.1, sse4.2, popcnt, avx, avx2, aes, clmul, erms, 3dnowpref, lzcnt, tsc, tscinvbit, bmi1, bmi2, adx

Memory: 4k page, physical 8202500k(975176k free), swap 10145028k(5008k free)

vm_info: OpenJDK 64-Bit Server VM (25.152-b01) for windows-amd64 JRE (1.8.0_152-release-915-b01), built by "builder" with MS VC++ 10.0 (VS2010)

time: Fri Nov 17 21:50:35 2017
elapsed time: 47 seconds (0d 0h 0m 47s)

