#
# There is insufficient memory for the Java Runtime Environment to continue.
# Native memory allocation (malloc) failed to allocate 1442576 bytes for Chunk::new
# Possible reasons:
#   The system is out of physical RAM or swap space
#   In 32 bit mode, the process size limit was hit
# Possible solutions:
#   Reduce memory load on the system
#   Increase physical memory or swap space
#   Check if swap backing store is full
#   Use 64 bit Java on a 64 bit OS
#   Decrease Java heap size (-Xmx/-Xms)
#   Decrease number of Java threads
#   Decrease Java thread stack sizes (-Xss)
#   Set larger code cache with -XX:ReservedCodeCacheSize=
# This output file may be truncated or incomplete.
#
#  Out of Memory Error (allocation.cpp:390), pid=6824, tid=0x0000000000000698
#
# JRE version: OpenJDK Runtime Environment (8.0_152-b01) (build 1.8.0_152-release-915-b01)
# Java VM: OpenJDK 64-Bit Server VM (25.152-b01 mixed mode windows-amd64 compressed oops)
# Failed to write core dump. Minidumps are not enabled by default on client versions of Windows
#

---------------  T H R E A D  ---------------

Current thread (0x0000000016079800):  JavaThread "C2 CompilerThread0" daemon [_thread_in_native, id=1688, stack(0x00000000175f0000,0x00000000176f0000)]

Stack: [0x00000000175f0000,0x00000000176f0000]
[error occurred during error reporting (printing stack bounds), id 0xc0000005]

Native frames: (J=compiled Java code, j=interpreted, Vv=VM code, C=native code)


Current CompileTask:
C2: 566306 16455       4       com.android.dx.rop.code.LocalVariableExtractor::processBlock (327 bytes)


---------------  P R O C E S S  ---------------

Java Threads: ( => current thread )
  0x000000001e0e3800 JavaThread "ForkJoinPool.commonPool-worker-0" daemon [_thread_in_Java, id=1176, stack(0x0000000028d10000,0x0000000028e10000)]
  0x000000001e0e3000 JavaThread "ForkJoinPool.commonPool-worker-3" daemon [_thread_in_native, id=4996, stack(0x0000000028c10000,0x0000000028d10000)]
  0x000000001e0e8000 JavaThread "ForkJoinPool.commonPool-worker-2" daemon [_thread_in_Java, id=7172, stack(0x0000000028b10000,0x0000000028c10000)]
  0x000000001e0e7800 JavaThread "ForkJoinPool.commonPool-worker-1" daemon [_thread_in_native, id=2588, stack(0x0000000028810000,0x0000000028910000)]
  0x000000001e0e0000 JavaThread "Worker Daemon Execution" [_thread_blocked, id=7052, stack(0x0000000028610000,0x0000000028710000)]
  0x000000001e0e2000 JavaThread "Cache worker for Java compile cache (D:\UMDStuff\CMSC436\cmsc436_teddy_talk\TeddyTalk\.gradle\4.1\javaCompile)" [_thread_blocked, id=7932, stack(0x0000000028510000,0x0000000028610000)]
  0x0000000022c40000 JavaThread "Task worker for ':' Thread 3" [_thread_blocked, id=7072, stack(0x0000000027710000,0x0000000027810000)]
  0x0000000022c3e800 JavaThread "Task worker for ':' Thread 2" [_thread_blocked, id=4744, stack(0x0000000027610000,0x0000000027710000)]
  0x0000000022c37000 JavaThread "Task worker for ':'" [_thread_blocked, id=9164, stack(0x0000000027510000,0x0000000027610000)]
  0x0000000022c38800 JavaThread "Cache worker for task history cache (D:\UMDStuff\CMSC436\cmsc436_teddy_talk\TeddyTalk\.gradle\4.1\taskHistory)" [_thread_blocked, id=2760, stack(0x0000000027410000,0x0000000027510000)]
  0x0000000022c39000 JavaThread "Cache worker for file content cache (D:\UMDStuff\CMSC436\cmsc436_teddy_talk\TeddyTalk\.gradle\4.1\fileContent)" [_thread_blocked, id=3344, stack(0x0000000027310000,0x0000000027410000)]
  0x0000000022c3a800 JavaThread "build operations Thread 4" [_thread_blocked, id=4492, stack(0x0000000027210000,0x0000000027310000)]
  0x0000000022c3d800 JavaThread "build operations Thread 3" [_thread_blocked, id=9060, stack(0x0000000027110000,0x0000000027210000)]
  0x0000000022c3a000 JavaThread "build operations Thread 2" [_thread_blocked, id=5640, stack(0x0000000027010000,0x0000000027110000)]
  0x0000000022c3d000 JavaThread "build operations" [_thread_blocked, id=2860, stack(0x0000000026f10000,0x0000000027010000)]
  0x0000000022c37800 JavaThread "Cache worker for Artifact transforms cache (D:\Users\Marc\.gradle\caches\transforms-1)" [_thread_blocked, id=2612, stack(0x0000000026e10000,0x0000000026f10000)]
  0x0000000022c35800 JavaThread "Cache worker for file hash cache (D:\UMDStuff\CMSC436\cmsc436_teddy_talk\TeddyTalk\.gradle\4.1\fileHashes)" [_thread_blocked, id=6652, stack(0x0000000026d10000,0x0000000026e10000)]
  0x0000000022c31800 JavaThread "Stdin handler" [_thread_blocked, id=7184, stack(0x0000000026c10000,0x0000000026d10000)]
  0x0000000022c34800 JavaThread "Asynchronous log dispatcher for DefaultDaemonConnection: socket connection from /127.0.0.1:63681 to /127.0.0.1:63909" [_thread_blocked, id=2040, stack(0x0000000026b10000,0x0000000026c10000)]
  0x0000000022c33000 JavaThread "Daemon worker Thread 2" [_thread_blocked, id=3608, stack(0x0000000026a10000,0x0000000026b10000)]
  0x0000000022c32800 JavaThread "Cancel handler" [_thread_blocked, id=5992, stack(0x0000000026910000,0x0000000026a10000)]
  0x0000000022c34000 JavaThread "Handler for socket connection from /127.0.0.1:63681 to /127.0.0.1:63909" [_thread_in_native, id=9364, stack(0x0000000026810000,0x0000000026910000)]
  0x0000000022c36000 JavaThread "Daemon Thread 2" [_thread_blocked, id=4328, stack(0x0000000026710000,0x0000000026810000)]
  0x000000001e0e6800 JavaThread "Memory manager" [_thread_blocked, id=10500, stack(0x0000000021730000,0x0000000021830000)]
  0x00000000192ee000 JavaThread "File lock request listener" [_thread_in_native, id=9832, stack(0x000000001b830000,0x000000001b930000)]
  0x00000000191d6000 JavaThread "Cache worker for file hash cache (D:\Users\Marc\.gradle\caches\4.1\fileHashes)" [_thread_blocked, id=8896, stack(0x000000001b730000,0x000000001b830000)]
  0x0000000018e62800 JavaThread "Daemon periodic checks" [_thread_blocked, id=3516, stack(0x000000001ae30000,0x000000001af30000)]
  0x0000000018e61800 JavaThread "Incoming local TCP Connector on port 63681" [_thread_in_native, id=9072, stack(0x00000000196c0000,0x00000000197c0000)]
  0x0000000017918800 JavaThread "Service Thread" daemon [_thread_blocked, id=11220, stack(0x0000000017cf0000,0x0000000017df0000)]
  0x0000000016088000 JavaThread "C1 CompilerThread2" daemon [_thread_blocked, id=6116, stack(0x00000000177f0000,0x00000000178f0000)]
  0x000000001607d000 JavaThread "C2 CompilerThread1" daemon [_thread_in_native, id=6600, stack(0x00000000176f0000,0x00000000177f0000)]
=>0x0000000016079800 JavaThread "C2 CompilerThread0" daemon [_thread_in_native, id=1688, stack(0x00000000175f0000,0x00000000176f0000)]
  0x0000000016086000 JavaThread "Attach Listener" daemon [_thread_blocked, id=3460, stack(0x00000000174f0000,0x00000000175f0000)]
  0x0000000016084800 JavaThread "Signal Dispatcher" daemon [_thread_blocked, id=7476, stack(0x00000000173f0000,0x00000000174f0000)]
  0x000000000260c000 JavaThread "Finalizer" daemon [_thread_blocked, id=2272, stack(0x00000000172f0000,0x00000000173f0000)]
  0x0000000002601000 JavaThread "Reference Handler" daemon [_thread_blocked, id=9720, stack(0x00000000171f0000,0x00000000172f0000)]
  0x000000000270d800 JavaThread "main" [_thread_blocked, id=4608, stack(0x00000000023f0000,0x00000000024f0000)]

Other Threads:
  0x0000000016045800 VMThread [stack: 0x00000000170f0000,0x00000000171f0000] [id=1908]
  0x00000000160de000 WatcherThread [stack: 0x0000000017df0000,0x0000000017ef0000] [id=8188]

VM state:not at safepoint (normal execution)

VM Mutex/Monitor currently owned by a thread: None

Heap:
 PSYoungGen      total 243712K, used 54121K [0x00000000e0000000, 0x00000000f0c80000, 0x0000000100000000)
  eden space 212480K, 21% used [0x00000000e0000000,0x00000000e2d6a778,0x00000000ecf80000)
  from space 31232K, 24% used [0x00000000ecf80000,0x00000000ed6f0080,0x00000000eee00000)
  to   space 29696K, 0% used [0x00000000eef80000,0x00000000eef80000,0x00000000f0c80000)
 ParOldGen       total 162304K, used 86347K [0x00000000a0000000, 0x00000000a9e80000, 0x00000000e0000000)
  object space 162304K, 53% used [0x00000000a0000000,0x00000000a5452c98,0x00000000a9e80000)
 Metaspace       used 76510K, capacity 80448K, committed 80768K, reserved 1120256K
  class space    used 9842K, capacity 10778K, committed 10880K, reserved 1048576K

Card table byte_map: [0x0000000011ad0000,0x0000000011de0000] byte_map_base: 0x00000000115d0000

Marking Bits: (ParMarkBitMap*) 0x00000000516e3950
 Begin Bits: [0x00000000123e0000, 0x0000000013be0000)
 End Bits:   [0x0000000013be0000, 0x00000000153e0000)

Polling page: 0x0000000000870000

CodeCache: size=245760Kb used=45618Kb max_used=47326Kb free=200141Kb
 bounds [0x0000000002710000, 0x00000000055a0000, 0x0000000011710000]
 total_blobs=13901 nmethods=13077 adapters=736
 compilation: enabled

Compilation events (10 events):
Event: 565.998 Thread 0x0000000016088000 16467 %     3       com.android.dx.dex.file.ValueEncoder::addContents @ 44 (75 bytes)
Event: 565.999 Thread 0x0000000016088000 nmethod 16467% 0x0000000003243810 code [0x0000000003243a00, 0x00000000032445f8]
Event: 566.006 Thread 0x0000000016088000 16468       1       com.android.builder.dexing.DexArchiveBuilderConfig::getOutBufferSize (5 bytes)
Event: 566.006 Thread 0x0000000016088000 nmethod 16468 0x0000000004ee36d0 code [0x0000000004ee3820, 0x0000000004ee3930]
Event: 566.007 Thread 0x0000000016088000 16469       1       com.android.builder.dexing.DexArchiveBuilderConfig::getInBufferSize (5 bytes)
Event: 566.007 Thread 0x0000000016088000 nmethod 16469 0x0000000004f7e910 code [0x0000000004f7ea60, 0x0000000004f7eb70]
Event: 566.011 Thread 0x0000000016088000 16471       2       sun.nio.cs.StreamDecoder::implClose (27 bytes)
Event: 566.011 Thread 0x0000000016088000 nmethod 16471 0x0000000004e2b1d0 code [0x0000000004e2b340, 0x0000000004e2b4f8]
Event: 566.015 Thread 0x0000000016088000 16472   !   3       com.android.dx.dex.file.DexFile::toDex0 (628 bytes)
Event: 566.019 Thread 0x0000000016088000 nmethod 16472 0x0000000004dac210 code [0x0000000004dacae0, 0x0000000004db3238]

GC Heap History (10 events):
Event: 563.829 GC heap before
{Heap before GC invocations=27 (full 3):
 PSYoungGen      total 243712K, used 230097K [0x00000000e0000000, 0x00000000f0c80000, 0x0000000100000000)
  eden space 212480K, 100% used [0x00000000e0000000,0x00000000ecf80000,0x00000000ecf80000)
  from space 31232K, 56% used [0x00000000ecf80000,0x00000000ee0b4638,0x00000000eee00000)
  to   space 29696K, 0% used [0x00000000eef80000,0x00000000eef80000,0x00000000f0c80000)
 ParOldGen       total 162304K, used 61120K [0x00000000a0000000, 0x00000000a9e80000, 0x00000000e0000000)
  object space 162304K, 37% used [0x00000000a0000000,0x00000000a3bb0390,0x00000000a9e80000)
 Metaspace       used 76459K, capacity 80288K, committed 80384K, reserved 1118208K
  class space    used 9840K, capacity 10746K, committed 10752K, reserved 1048576K
Event: 563.852 GC heap after
Heap after GC invocations=27 (full 3):
 PSYoungGen      total 242176K, used 14849K [0x00000000e0000000, 0x00000000f0c80000, 0x0000000100000000)
  eden space 212480K, 0% used [0x00000000e0000000,0x00000000e0000000,0x00000000ecf80000)
  from space 29696K, 50% used [0x00000000eef80000,0x00000000efe00668,0x00000000f0c80000)
  to   space 31232K, 0% used [0x00000000ecf80000,0x00000000ecf80000,0x00000000eee00000)
 ParOldGen       total 162304K, used 66457K [0x00000000a0000000, 0x00000000a9e80000, 0x00000000e0000000)
  object space 162304K, 40% used [0x00000000a0000000,0x00000000a40e6460,0x00000000a9e80000)
 Metaspace       used 76459K, capacity 80288K, committed 80384K, reserved 1118208K
  class space    used 9840K, capacity 10746K, committed 10752K, reserved 1048576K
}
Event: 564.280 GC heap before
{Heap before GC invocations=28 (full 3):
 PSYoungGen      total 242176K, used 227329K [0x00000000e0000000, 0x00000000f0c80000, 0x0000000100000000)
  eden space 212480K, 100% used [0x00000000e0000000,0x00000000ecf80000,0x00000000ecf80000)
  from space 29696K, 50% used [0x00000000eef80000,0x00000000efe00668,0x00000000f0c80000)
  to   space 31232K, 0% used [0x00000000ecf80000,0x00000000ecf80000,0x00000000eee00000)
 ParOldGen       total 162304K, used 66457K [0x00000000a0000000, 0x00000000a9e80000, 0x00000000e0000000)
  object space 162304K, 40% used [0x00000000a0000000,0x00000000a40e6460,0x00000000a9e80000)
 Metaspace       used 76473K, capacity 80288K, committed 80384K, reserved 1118208K
  class space    used 9840K, capacity 10746K, committed 10752K, reserved 1048576K
Event: 564.298 GC heap after
Heap after GC invocations=28 (full 3):
 PSYoungGen      total 243712K, used 11040K [0x00000000e0000000, 0x00000000f0c80000, 0x0000000100000000)
  eden space 212480K, 0% used [0x00000000e0000000,0x00000000e0000000,0x00000000ecf80000)
  from space 31232K, 35% used [0x00000000ecf80000,0x00000000eda48090,0x00000000eee00000)
  to   space 29696K, 0% used [0x00000000eef80000,0x00000000eef80000,0x00000000f0c80000)
 ParOldGen       total 162304K, used 70339K [0x00000000a0000000, 0x00000000a9e80000, 0x00000000e0000000)
  object space 162304K, 43% used [0x00000000a0000000,0x00000000a44b0dc0,0x00000000a9e80000)
 Metaspace       used 76473K, capacity 80288K, committed 80384K, reserved 1118208K
  class space    used 9840K, capacity 10746K, committed 10752K, reserved 1048576K
}
Event: 564.700 GC heap before
{Heap before GC invocations=29 (full 3):
 PSYoungGen      total 243712K, used 223520K [0x00000000e0000000, 0x00000000f0c80000, 0x0000000100000000)
  eden space 212480K, 100% used [0x00000000e0000000,0x00000000ecf80000,0x00000000ecf80000)
  from space 31232K, 35% used [0x00000000ecf80000,0x00000000eda48090,0x00000000eee00000)
  to   space 29696K, 0% used [0x00000000eef80000,0x00000000eef80000,0x00000000f0c80000)
 ParOldGen       total 162304K, used 70339K [0x00000000a0000000, 0x00000000a9e80000, 0x00000000e0000000)
  object space 162304K, 43% used [0x00000000a0000000,0x00000000a44b0dc0,0x00000000a9e80000)
 Metaspace       used 76483K, capacity 80288K, committed 80384K, reserved 1118208K
  class space    used 9840K, capacity 10746K, committed 10752K, reserved 1048576K
Event: 564.720 GC heap after
Heap after GC invocations=29 (full 3):
 PSYoungGen      total 242176K, used 11664K [0x00000000e0000000, 0x00000000f0c80000, 0x0000000100000000)
  eden space 212480K, 0% used [0x00000000e0000000,0x00000000e0000000,0x00000000ecf80000)
  from space 29696K, 39% used [0x00000000eef80000,0x00000000efae40b0,0x00000000f0c80000)
  to   space 31232K, 0% used [0x00000000ecf80000,0x00000000ecf80000,0x00000000eee00000)
 ParOldGen       total 162304K, used 74563K [0x00000000a0000000, 0x00000000a9e80000, 0x00000000e0000000)
  object space 162304K, 45% used [0x00000000a0000000,0x00000000a48d0dc0,0x00000000a9e80000)
 Metaspace       used 76483K, capacity 80288K, committed 80384K, reserved 1118208K
  class space    used 9840K, capacity 10746K, committed 10752K, reserved 1048576K
}
Event: 565.171 GC heap before
{Heap before GC invocations=30 (full 3):
 PSYoungGen      total 242176K, used 224144K [0x00000000e0000000, 0x00000000f0c80000, 0x0000000100000000)
  eden space 212480K, 100% used [0x00000000e0000000,0x00000000ecf80000,0x00000000ecf80000)
  from space 29696K, 39% used [0x00000000eef80000,0x00000000efae40b0,0x00000000f0c80000)
  to   space 31232K, 0% used [0x00000000ecf80000,0x00000000ecf80000,0x00000000eee00000)
 ParOldGen       total 162304K, used 74563K [0x00000000a0000000, 0x00000000a9e80000, 0x00000000e0000000)
  object space 162304K, 45% used [0x00000000a0000000,0x00000000a48d0dc0,0x00000000a9e80000)
 Metaspace       used 76493K, capacity 80448K, committed 80768K, reserved 1120256K
  class space    used 9841K, capacity 10778K, committed 10880K, reserved 1048576K
Event: 565.184 GC heap after
Heap after GC invocations=30 (full 3):
 PSYoungGen      total 243712K, used 9568K [0x00000000e0000000, 0x00000000f0c80000, 0x0000000100000000)
  eden space 212480K, 0% used [0x00000000e0000000,0x00000000e0000000,0x00000000ecf80000)
  from space 31232K, 30% used [0x00000000ecf80000,0x00000000ed8d80c0,0x00000000eee00000)
  to   space 29696K, 0% used [0x00000000eef80000,0x00000000eef80000,0x00000000f0c80000)
 ParOldGen       total 162304K, used 78539K [0x00000000a0000000, 0x00000000a9e80000, 0x00000000e0000000)
  object space 162304K, 48% used [0x00000000a0000000,0x00000000a4cb2dc0,0x00000000a9e80000)
 Metaspace       used 76493K, capacity 80448K, committed 80768K, reserved 1120256K
  class space    used 9841K, capacity 10778K, committed 10880K, reserved 1048576K
}
Event: 565.642 GC heap before
{Heap before GC invocations=31 (full 3):
 PSYoungGen      total 243712K, used 222048K [0x00000000e0000000, 0x00000000f0c80000, 0x0000000100000000)
  eden space 212480K, 100% used [0x00000000e0000000,0x00000000ecf80000,0x00000000ecf80000)
  from space 31232K, 30% used [0x00000000ecf80000,0x00000000ed8d80c0,0x00000000eee00000)
  to   space 29696K, 0% used [0x00000000eef80000,0x00000000eef80000,0x00000000f0c80000)
 ParOldGen       total 162304K, used 78539K [0x00000000a0000000, 0x00000000a9e80000, 0x00000000e0000000)
  object space 162304K, 48% used [0x00000000a0000000,0x00000000a4cb2dc0,0x00000000a9e80000)
 Metaspace       used 76500K, capacity 80448K, committed 80768K, reserved 1120256K
  class space    used 9841K, capacity 10778K, committed 10880K, reserved 1048576K
Event: 565.660 GC heap after
Heap after GC invocations=31 (full 3):
 PSYoungGen      total 242176K, used 6640K [0x00000000e0000000, 0x00000000f0c80000, 0x0000000100000000)
  eden space 212480K, 0% used [0x00000000e0000000,0x00000000e0000000,0x00000000ecf80000)
  from space 29696K, 22% used [0x00000000eef80000,0x00000000ef5fc0d0,0x00000000f0c80000)
  to   space 31232K, 0% used [0x00000000ecf80000,0x00000000ecf80000,0x00000000eee00000)
 ParOldGen       total 162304K, used 84179K [0x00000000a0000000, 0x00000000a9e80000, 0x00000000e0000000)
  object space 162304K, 51% used [0x00000000a0000000,0x00000000a5234df0,0x00000000a9e80000)
 Metaspace       used 76500K, capacity 80448K, committed 80768K, reserved 1120256K
  class space    used 9841K, capacity 10778K, committed 10880K, reserved 1048576K
}

Deoptimization events (10 events):
Event: 564.607 Thread 0x000000001e0e3000 Uncommon trap: reason=unstable_if action=reinterpret pc=0x0000000003a90670 method=java.util.concurrent.ConcurrentHashMap.putVal(Ljava/lang/Object;Ljava/lang/Object;Z)Ljava/lang/Object; @ 113
Event: 564.970 Thread 0x000000001e0e8000 Uncommon trap: reason=unstable_if action=reinterpret pc=0x0000000005004c2c method=com.android.dx.ssa.SsaMethod.getExitBlock()Lcom/android/dx/ssa/SsaBasicBlock; @ 4
Event: 564.970 Thread 0x000000001e0e8000 Uncommon trap: reason=unstable_if action=reinterpret pc=0x0000000004eae6b4 method=com.android.dx.ssa.SsaMethod.getExitBlock()Lcom/android/dx/ssa/SsaBasicBlock; @ 4
Event: 565.030 Thread 0x000000001e0e7800 Uncommon trap: reason=unstable_if action=reinterpret pc=0x0000000004e3052c method=com.android.dx.rop.code.RegisterSpec.equals(ILcom/android/dx/rop/type/TypeBearer;Lcom/android/dx/rop/code/LocalItem;)Z @ 42
Event: 565.041 Thread 0x000000001e0e3800 Uncommon trap: reason=bimorphic action=maybe_recompile pc=0x00000000054fe830 method=com.android.dx.cf.code.BytecodeArray.parseInstruction(ILcom/android/dx/cf/code/BytecodeArray$Visitor;)I @ 1161
Event: 565.041 Thread 0x000000001e0e3800 Uncommon trap: reason=bimorphic action=maybe_recompile pc=0x00000000054fe830 method=com.android.dx.cf.code.BytecodeArray.parseInstruction(ILcom/android/dx/cf/code/BytecodeArray$Visitor;)I @ 1161
Event: 565.948 Thread 0x000000001e0e3000 Uncommon trap: reason=bimorphic action=maybe_recompile pc=0x00000000052f44b8 method=com.android.dx.ssa.LiteralOpUpgrader.tryReplacingWithConstant(Lcom/android/dx/ssa/NormalSsaInsn;)Z @ 62
Event: 565.950 Thread 0x000000001e0e3000 Uncommon trap: reason=bimorphic action=maybe_recompile pc=0x00000000052f44b8 method=com.android.dx.ssa.LiteralOpUpgrader.tryReplacingWithConstant(Lcom/android/dx/ssa/NormalSsaInsn;)Z @ 62
Event: 566.064 Thread 0x000000001e0e7800 Uncommon trap: reason=bimorphic action=maybe_recompile pc=0x0000000004dbe110 method=com.android.dx.cf.code.BytecodeArray.parseInstruction(ILcom/android/dx/cf/code/BytecodeArray$Visitor;)I @ 2281
Event: 566.064 Thread 0x000000001e0e7800 Uncommon trap: reason=bimorphic action=maybe_recompile pc=0x0000000004dbe110 method=com.android.dx.cf.code.BytecodeArray.parseInstruction(ILcom/android/dx/cf/code/BytecodeArray$Visitor;)I @ 2281

Classes redefined (0 events):
No events

Internal exceptions (10 events):
Event: 565.381 Thread 0x000000001e0e8000 Exception <a 'sun/nio/fs/WindowsException'> (0x00000000e547aca0) thrown at [D:\src\AOSP-openjdk-cygwin\jdk8u\hotspot\src\share\vm\prims\jni.cpp, line 709]
Event: 565.612 Thread 0x000000001e0e3000 Exception <a 'sun/nio/fs/WindowsException'> (0x00000000ec17dab0) thrown at [D:\src\AOSP-openjdk-cygwin\jdk8u\hotspot\src\share\vm\prims\jni.cpp, line 709]
Event: 565.797 Thread 0x000000001e0e3800 Exception <a 'sun/nio/fs/WindowsException'> (0x00000000e43154a0) thrown at [D:\src\AOSP-openjdk-cygwin\jdk8u\hotspot\src\share\vm\prims\jni.cpp, line 709]
Event: 565.842 Thread 0x000000001e0e7800 Exception <a 'sun/nio/fs/WindowsException'> (0x00000000e54519a0) thrown at [D:\src\AOSP-openjdk-cygwin\jdk8u\hotspot\src\share\vm\prims\jni.cpp, line 709]
Event: 565.935 Thread 0x000000001e0e7800 Exception <a 'sun/nio/fs/WindowsException'> (0x00000000e5512eb8) thrown at [D:\src\AOSP-openjdk-cygwin\jdk8u\hotspot\src\share\vm\prims\jni.cpp, line 709]
Event: 565.976 Thread 0x000000001e0e7800 Exception <a 'sun/nio/fs/WindowsException'> (0x00000000e7c77b00) thrown at [D:\src\AOSP-openjdk-cygwin\jdk8u\hotspot\src\share\vm\prims\jni.cpp, line 709]
Event: 566.009 Thread 0x000000001e0e7800 Exception <a 'sun/nio/fs/WindowsException'> (0x00000000e8c5ce28) thrown at [D:\src\AOSP-openjdk-cygwin\jdk8u\hotspot\src\share\vm\prims\jni.cpp, line 709]
Event: 566.011 Thread 0x000000001e0e3000 Exception <a 'sun/nio/fs/WindowsException'> (0x00000000e952a598) thrown at [D:\src\AOSP-openjdk-cygwin\jdk8u\hotspot\src\share\vm\prims\jni.cpp, line 709]
Event: 566.020 Thread 0x000000001e0e8000 Exception <a 'sun/nio/fs/WindowsException'> (0x00000000e9a4cc98) thrown at [D:\src\AOSP-openjdk-cygwin\jdk8u\hotspot\src\share\vm\prims\jni.cpp, line 709]
Event: 566.030 Thread 0x000000001e0e7800 Exception <a 'sun/nio/fs/WindowsException'> (0x00000000e9950ad8) thrown at [D:\src\AOSP-openjdk-cygwin\jdk8u\hotspot\src\share\vm\prims\jni.cpp, line 709]

Events (10 events):
Event: 566.016 Thread 0x000000001e0e3800 DEOPT PACKING pc=0x000000000521baa0 sp=0x0000000028e0eb40
Event: 566.016 Thread 0x000000001e0e3800 DEOPT UNPACKING pc=0x00000000027575bf sp=0x0000000028e0e9e8 mode 0
Event: 566.035 Thread 0x000000001e0e8000 DEOPT PACKING pc=0x0000000004e00364 sp=0x0000000028c0e9b0
Event: 566.035 Thread 0x000000001e0e8000 DEOPT UNPACKING pc=0x00000000027575bf sp=0x0000000028c0e6c8 mode 0
Event: 566.064 Thread 0x000000001e0e7800 Uncommon trap: trap_request=0xffffffc6 fr.pc=0x0000000004dbe110
Event: 566.064 Thread 0x000000001e0e7800 DEOPT PACKING pc=0x0000000004dbe110 sp=0x000000002890dfd0
Event: 566.064 Thread 0x000000001e0e7800 DEOPT UNPACKING pc=0x000000000275556a sp=0x000000002890df78 mode 2
Event: 566.064 Thread 0x000000001e0e7800 Uncommon trap: trap_request=0xffffffc6 fr.pc=0x0000000004dbe110
Event: 566.064 Thread 0x000000001e0e7800 DEOPT PACKING pc=0x0000000004dbe110 sp=0x000000002890de30
Event: 566.064 Thread 0x000000001e0e7800 DEOPT UNPACKING pc=0x000000000275556a sp=0x000000002890ddd8 mode 2


Dynamic libraries:
0x00007ff60ac00000 - 0x00007ff60ac31000 	D:\Program Files\Android\Android Studio\jre\bin\java.exe
0x00007ffbcd0c0000 - 0x00007ffbcd291000 	C:\windows\SYSTEM32\ntdll.dll
0x00007ffbcab00000 - 0x00007ffbcabab000 	C:\windows\System32\KERNEL32.DLL
0x00007ffbc9740000 - 0x00007ffbc995d000 	C:\windows\System32\KERNELBASE.dll
0x00007ffbcd010000 - 0x00007ffbcd0b2000 	C:\windows\System32\ADVAPI32.dll
0x00007ffbca710000 - 0x00007ffbca7ae000 	C:\windows\System32\msvcrt.dll
0x00007ffbcad50000 - 0x00007ffbcada9000 	C:\windows\System32\sechost.dll
0x00007ffbcb1e0000 - 0x00007ffbcb301000 	C:\windows\System32\RPCRT4.dll
0x00007ffbca990000 - 0x00007ffbcaaf5000 	C:\windows\System32\USER32.dll
0x00007ffbc95b0000 - 0x00007ffbc95ce000 	C:\windows\System32\win32u.dll
0x00007ffbccec0000 - 0x00007ffbccef4000 	C:\windows\System32\GDI32.dll
0x00007ffbca210000 - 0x00007ffbca392000 	C:\windows\System32\gdi32full.dll
0x00007ffbbe8b0000 - 0x00007ffbbeb29000 	C:\windows\WinSxS\amd64_microsoft.windows.common-controls_6595b64144ccf1df_6.0.14393.447_none_42191651c6827bb3\COMCTL32.dll
0x00007ffbccb90000 - 0x00007ffbcce58000 	C:\windows\System32\combase.dll
0x00007ffbca3a0000 - 0x00007ffbca495000 	C:\windows\System32\ucrtbase.dll
0x00007ffbc9680000 - 0x00007ffbc96ea000 	C:\windows\System32\bcryptPrimitives.dll
0x00007ffbcce90000 - 0x00007ffbccebe000 	C:\windows\System32\IMM32.DLL
0x0000000050ad0000 - 0x0000000050ba2000 	D:\Program Files\Android\Android Studio\jre\jre\bin\msvcr100.dll
0x0000000050f20000 - 0x000000005175e000 	D:\Program Files\Android\Android Studio\jre\jre\bin\server\jvm.dll
0x00007ffbcce80000 - 0x00007ffbcce88000 	C:\windows\System32\PSAPI.DLL
0x00007ffbbdb50000 - 0x00007ffbbdb59000 	C:\windows\SYSTEM32\WSOCK32.dll
0x00007ffbc7450000 - 0x00007ffbc7473000 	C:\windows\SYSTEM32\WINMM.dll
0x00007ffbbfa30000 - 0x00007ffbbfa3a000 	C:\windows\SYSTEM32\VERSION.dll
0x00007ffbcb310000 - 0x00007ffbcb37a000 	C:\windows\System32\WS2_32.dll
0x00007ffbc73f0000 - 0x00007ffbc741b000 	C:\windows\SYSTEM32\winmmbase.dll
0x00007ffbc96f0000 - 0x00007ffbc9732000 	C:\windows\System32\cfgmgr32.dll
0x00007ffbc6cc0000 - 0x00007ffbc6ccf000 	D:\Program Files\Android\Android Studio\jre\jre\bin\verify.dll
0x00007ffbbff90000 - 0x00007ffbbffb9000 	D:\Program Files\Android\Android Studio\jre\jre\bin\java.dll
0x00007ffbbfdc0000 - 0x00007ffbbfdd6000 	D:\Program Files\Android\Android Studio\jre\jre\bin\zip.dll
0x00007ffbcb380000 - 0x00007ffbcc889000 	C:\windows\System32\SHELL32.dll
0x00007ffbc9960000 - 0x00007ffbca03a000 	C:\windows\System32\windows.storage.dll
0x00007ffbc9560000 - 0x00007ffbc95ac000 	C:\windows\System32\powrprof.dll
0x00007ffbca930000 - 0x00007ffbca982000 	C:\windows\System32\shlwapi.dll
0x00007ffbc9540000 - 0x00007ffbc954f000 	C:\windows\System32\kernel.appcore.dll
0x00007ffbca5a0000 - 0x00007ffbca649000 	C:\windows\System32\shcore.dll
0x00007ffbc9520000 - 0x00007ffbc9534000 	C:\windows\System32\profapi.dll
0x00007ffbbfce0000 - 0x00007ffbbfcfa000 	D:\Program Files\Android\Android Studio\jre\jre\bin\net.dll
0x00007ffbc8e50000 - 0x00007ffbc8eac000 	C:\windows\system32\mswsock.dll
0x00007ffbbfcc0000 - 0x00007ffbbfcd1000 	D:\Program Files\Android\Android Studio\jre\jre\bin\nio.dll
0x00007ffbbfb40000 - 0x00007ffbbfb5e000 	D:\Users\Marc\.gradle\native\25\windows-amd64\native-platform.dll
0x00007ffbc22a0000 - 0x00007ffbc22ad000 	D:\Program Files\Android\Android Studio\jre\jre\bin\management.dll
0x00007ffbc8ff0000 - 0x00007ffbc9007000 	C:\windows\SYSTEM32\CRYPTSP.dll
0x00007ffbc8a60000 - 0x00007ffbc8a93000 	C:\windows\system32\rsaenh.dll
0x00007ffbc9100000 - 0x00007ffbc912b000 	C:\windows\SYSTEM32\bcrypt.dll
0x00007ffbc8cd0000 - 0x00007ffbc8cef000 	C:\windows\SYSTEM32\USERENV.dll
0x00007ffbc9010000 - 0x00007ffbc901b000 	C:\windows\SYSTEM32\CRYPTBASE.dll
0x00007ffbc8be0000 - 0x00007ffbc8c18000 	C:\windows\SYSTEM32\IPHLPAPI.DLL
0x00007ffbca920000 - 0x00007ffbca928000 	C:\windows\System32\NSI.dll
0x00007ffbc0dd0000 - 0x00007ffbc0de6000 	C:\windows\SYSTEM32\dhcpcsvc6.DLL
0x00007ffbc0db0000 - 0x00007ffbc0dca000 	C:\windows\SYSTEM32\dhcpcsvc.DLL
0x00007ffbc8930000 - 0x00007ffbc8962000 	C:\windows\SYSTEM32\ntmarta.dll

VM Arguments:
jvm_args: -Xmx1536m -Dfile.encoding=windows-1252 -Duser.country=US -Duser.language=en -Duser.variant 
java_command: org.gradle.launcher.daemon.bootstrap.GradleDaemon 4.1
java_class_path (initial): D:\Users\Marc\.gradle\wrapper\dists\gradle-4.1-all\bzyivzo6n839fup2jbap0tjew\gradle-4.1\lib\gradle-launcher-4.1.jar
Launcher Type: SUN_STANDARD

Environment Variables:
PATH=C:\ProgramData\Oracle\Java\javapath;C:\Program Files (x86)\Intel\iCLS Client\;C:\Program Files\Intel\iCLS Client\;C:\windows\system32;C:\windows;C:\windows\System32\Wbem;C:\windows\System32\WindowsPowerShell\v1.0\;C:\Program Files (x86)\NVIDIA Corporation\PhysX\Common;C:\Program Files (x86)\Intel\Intel(R) Management Engine Components\DAL;C:\Program Files\Intel\Intel(R) Management Engine Components\DAL;C:\Program Files (x86)\Intel\Intel(R) Management Engine Components\IPT;C:\Program Files\Intel\Intel(R) Management Engine Components\IPT;D:\Program Files\Git\cmd;C:\Users\Marc\AppData\Local\Microsoft\WindowsApps;C:\Users\Marc\AppData\Local\GitHubDesktop\bin;D:\Program Files\Docker Toolbox
USERNAME=Marc
OS=Windows_NT
PROCESSOR_IDENTIFIER=Intel64 Family 6 Model 158 Stepping 9, GenuineIntel



---------------  S Y S T E M  ---------------

OS: Windows 10.0 , 64 bit Build 14393 (10.0.14393.0)

CPU:total 4 (initial active 4) (4 cores per cpu, 1 threads per core) family 6 model 158 stepping 9, cmov, cx8, fxsr, mmx, sse, sse2, sse3, ssse3, sse4.1, sse4.2, popcnt, avx, avx2, aes, clmul, erms, 3dnowpref, lzcnt, tsc, tscinvbit, bmi1, bmi2, adx

Memory: 4k page, physical 8202500k(1027460k free), swap 10145028k(11896k free)

vm_info: OpenJDK 64-Bit Server VM (25.152-b01) for windows-amd64 JRE (1.8.0_152-release-915-b01), built by "builder" with MS VC++ 10.0 (VS2010)

time: Fri Nov 17 21:49:27 2017
elapsed time: 566 seconds (0d 0h 9m 26s)

